<?xml version="1.0" encoding="UTF-8"?>
<!-- Generated by org.testng.reporters.JUnitReportReporter -->
<testsuite skipped="0" hostname="Mano" name="org.test.TestAutomation" tests="6" failures="0" timestamp="13 Jan 2023 18:56:58 GMT" time="8.491" errors="0">
  <testcase name="verifyLogin" time="2.228" classname="org.test.TestAutomation"/>
  <testcase name="verifyAvailableBalance" time="1.445" classname="org.test.TestAutomation"/>
  <testcase name="verifyFund" time="1.370" classname="org.test.TestAutomation"/>
  <testcase name="verifyTranscationFund" time="0.743" classname="org.test.TestAutomation"/>
  <testcase name="verifyContactUs" time="1.850" classname="org.test.TestAutomation"/>
  <testcase name="VerifySignOff" time="0.855" classname="org.test.TestAutomation"/>
</testsuite> <!-- org.test.TestAutomation -->
